[16:40:13] imu_fail_midflight/i1: connected
[16:40:13] imu_fail_midflight/i1: armed
[16:40:14] imu_fail_midflight/i1: takeoff 3.0m
[16:40:16] imu_fail_midflight/i1: inject failure error: End Of File (EOF). Exception style platform.
<pexpect.pty_spawn.spawn object at 0x7c0ecfa35b10>
command: /home/iotrust/ResearchFall2025/Simulators/px4-harness/.venv/bin/python3
args: [b'/home/iotrust/ResearchFall2025/Simulators/px4-harness/.venv/bin/python3', b'/home/iotrust/ResearchFall2025/Simulators/PX4-Autopilot/Tools/mavlink_shell.py', b'-u', b'14541']
buffer (last 100 chars): ''
before (last 100 chars): " module named 'pymavlink'\r\n\r\nYou may need to install it with:\r\n    pip3 install --user pymavlink\r\n\r\n"
after: <class 'pexpect.exceptions.EOF'>
match: None
match_index: None
exitstatus: None
flag_eof: True
pid: 119812
child_fd: 15
closed: False
timeout: 15
delimiter: <class 'pexpect.exceptions.EOF'>
logfile: None
logfile_read: None
logfile_send: None
maxread: 2000
ignorecase: False
searchwindowsize: None
delaybeforesend: 0.05
delayafterclose: 0.1
delayafterterminate: 0.1
searcher: searcher_string:
    0: 'pxh>'
[16:40:19] imu_fail_midflight/i1: land
[16:54:12] imu_fail_midflight/i1: connected
[16:54:12] imu_fail_midflight/i1: armed
[16:54:13] imu_fail_midflight/i1: takeoff 3.0m
[16:54:16] imu_fail_midflight/i1: inject failure error: End Of File (EOF). Exception style platform.
<pexpect.pty_spawn.spawn object at 0x79daea585b10>
command: /home/iotrust/ResearchFall2025/Simulators/px4-harness/.venv/bin/python3
args: [b'/home/iotrust/ResearchFall2025/Simulators/px4-harness/.venv/bin/python3', b'/home/iotrust/ResearchFall2025/Simulators/PX4-Autopilot/Tools/mavlink_shell.py', b'-u', b'14541']
buffer (last 100 chars): ''
before (last 100 chars): " module named 'pymavlink'\r\n\r\nYou may need to install it with:\r\n    pip3 install --user pymavlink\r\n\r\n"
after: <class 'pexpect.exceptions.EOF'>
match: None
match_index: None
exitstatus: None
flag_eof: True
pid: 125117
child_fd: 15
closed: False
timeout: 15
delimiter: <class 'pexpect.exceptions.EOF'>
logfile: None
logfile_read: None
logfile_send: None
maxread: 2000
ignorecase: False
searchwindowsize: None
delaybeforesend: 0.05
delayafterclose: 0.1
delayafterterminate: 0.1
searcher: searcher_string:
    0: 'pxh>'
[16:54:18] imu_fail_midflight/i1: land
